.\Debug\CmdEncoder.ilk
.\Debug\CmdEncoder.pdb
C:\Users\wangkai\Desktop\股票交易系统\StockClient\CmdEncoder\.\Debug\CmdEncoder.dll
C:\Users\wangkai\Desktop\股票交易系统\StockClient\CmdEncoder\.\Debug\CmdEncoder.dll.intermediate.manifest
C:\Users\wangkai\Desktop\股票交易系统\StockClient\CmdEncoder\Debug\cl.command.1.tlog
C:\Users\wangkai\Desktop\股票交易系统\StockClient\CmdEncoder\Debug\CL.read.1.tlog
C:\Users\wangkai\Desktop\股票交易系统\StockClient\CmdEncoder\Debug\CL.write.1.tlog
C:\USERS\WANGKAI\DESKTOP\股票交易系统\STOCKCLIENT\CMDENCODER\DEBUG\CMDENCODER.DLL
C:\USERS\WANGKAI\DESKTOP\股票交易系统\STOCKCLIENT\CMDENCODER\DEBUG\CMDENCODER.DLL.EMBED.MANIFEST
C:\USERS\WANGKAI\DESKTOP\股票交易系统\STOCKCLIENT\CMDENCODER\DEBUG\CMDENCODER.DLL.EMBED.MANIFEST.RES
C:\USERS\WANGKAI\DESKTOP\股票交易系统\STOCKCLIENT\CMDENCODER\DEBUG\CMDENCODER.DLL.INTERMEDIATE.MANIFEST
C:\USERS\WANGKAI\DESKTOP\股票交易系统\STOCKCLIENT\CMDENCODER\DEBUG\CMDENCODER.ILK
C:\USERS\WANGKAI\DESKTOP\股票交易系统\STOCKCLIENT\CMDENCODER\DEBUG\CMDENCODER.PDB
C:\Users\wangkai\Desktop\股票交易系统\StockClient\CmdEncoder\Debug\CmdEncoder_manifest.rc
C:\USERS\WANGKAI\DESKTOP\股票交易系统\STOCKCLIENT\CMDENCODER\DEBUG\CMDENCOER.OBJ
C:\Users\wangkai\Desktop\股票交易系统\StockClient\CmdEncoder\Debug\link.1676.read.1.tlog
C:\Users\wangkai\Desktop\股票交易系统\StockClient\CmdEncoder\Debug\link.1676.write.1.tlog
C:\Users\wangkai\Desktop\股票交易系统\StockClient\CmdEncoder\Debug\link.1676-cvtres.read.1.tlog
C:\Users\wangkai\Desktop\股票交易系统\StockClient\CmdEncoder\Debug\link.1676-cvtres.write.1.tlog
C:\Users\wangkai\Desktop\股票交易系统\StockClient\CmdEncoder\Debug\link.command.1.tlog
C:\Users\wangkai\Desktop\股票交易系统\StockClient\CmdEncoder\Debug\link.read.1.tlog
C:\Users\wangkai\Desktop\股票交易系统\StockClient\CmdEncoder\Debug\link.write.1.tlog
C:\Users\wangkai\Desktop\股票交易系统\StockClient\CmdEncoder\Debug\link-cvtres.read.1.tlog
C:\Users\wangkai\Desktop\股票交易系统\StockClient\CmdEncoder\Debug\link-cvtres.write.1.tlog
C:\Users\wangkai\Desktop\股票交易系统\StockClient\CmdEncoder\Debug\mt.command.1.tlog
C:\Users\wangkai\Desktop\股票交易系统\StockClient\CmdEncoder\Debug\mt.read.1.tlog
C:\Users\wangkai\Desktop\股票交易系统\StockClient\CmdEncoder\Debug\mt.write.1.tlog
C:\Users\wangkai\Desktop\股票交易系统\StockClient\CmdEncoder\Debug\rc.command.1.tlog
C:\Users\wangkai\Desktop\股票交易系统\StockClient\CmdEncoder\Debug\rc.read.1.tlog
C:\Users\wangkai\Desktop\股票交易系统\StockClient\CmdEncoder\Debug\rc.write.1.tlog
C:\Users\wangkai\Desktop\股票交易系统\StockClient\CmdEncoder\Debug\vc100.idb
C:\USERS\WANGKAI\DESKTOP\股票交易系统\STOCKCLIENT\CMDENCODER\DEBUG\VC100.PDB
