Build started 2013/4/21 14:55:52.
     1>Project "E:\3_1\各课程\软件工程基础\股票交易系统\StockClient\CmdEncoder\CmdEncoder.vcxproj" on node 3 (build target(s)).
     1>InitializeBuildStatus:
         Creating ".\Debug\CmdEncoder.unsuccessfulbuild" because "AlwaysCreate" was specified.
       ClCompile:
         D:\Program Files (x86)\Microsoft Visual Studio 10.0\VC\bin\CL.exe /c /ZI /nologo /W3 /WX- /Od /Oy- /D WIN32 /D _DEBUG /D _WINDOWS /D _USRDLL /D CMDENCODER_EXPORTS /D _VC80_UPGRADE=0x0600 /D _WINDLL /D _MBCS /Gm /EHsc /RTC1 /MTd /GS /Gy- /fp:precise /Zc:wchar_t /Zc:forScope /Fo".\Debug\\" /Fd".\Debug\vc100.pdb" /Gd /TP /analyze- /errorReport:prompt CmdEncoer.cpp
         CmdEncoer.cpp
       ManifestResourceCompile:
         C:\Program Files (x86)\Microsoft SDKs\Windows\v7.0A\bin\rc.exe /nologo /fo".\Debug\CmdEncoder.dll.embed.manifest.res" .\Debug\CmdEncoder_manifest.rc 
       Link:
         D:\Program Files (x86)\Microsoft Visual Studio 10.0\VC\bin\link.exe /ERRORREPORT:PROMPT /OUT:".\Debug\CmdEncoder.dll" /INCREMENTAL /NOLOGO msvcrtd.lib odbc32.lib odbccp32.lib kernel32.lib user32.lib gdi32.lib winspool.lib comdlg32.lib advapi32.lib shell32.lib ole32.lib oleaut32.lib uuid.lib odbc32.lib odbccp32.lib /MANIFEST /ManifestFile:".\Debug\CmdEncoder.dll.intermediate.manifest" /MANIFESTUAC:"level='asInvoker' uiAccess='false'" /DEBUG /PDB:"E:\3_1\各课程\软件工程基础\股票交易系统\StockClient\CmdEncoder\Debug\CmdEncoder.pdb" /SUBSYSTEM:CONSOLE /TLBID:1 /DYNAMICBASE /NXCOMPAT /IMPLIB:".\Debug\CmdEncoder.lib" /MACHINE:X86 /DLL .\Debug\CmdEncoder.dll.embed.manifest.res
         .\Debug\CmdEncoer.obj
       Manifest:
         C:\Program Files (x86)\Microsoft SDKs\Windows\v7.0A\bin\mt.exe /nologo /verbose /out:".\Debug\CmdEncoder.dll.embed.manifest" /manifest .\Debug\CmdEncoder.dll.intermediate.manifest
         All outputs are up-to-date.
       LinkEmbedManifest:
         All outputs are up-to-date.
         CmdEncoder.vcxproj -> E:\3_1\各课程\软件工程基础\股票交易系统\StockClient\CmdEncoder\.\Debug\CmdEncoder.dll
       FinalizeBuildStatus:
         Deleting file ".\Debug\CmdEncoder.unsuccessfulbuild".
         Touching ".\Debug\CmdEncoder.lastbuildstate".
     1>Done Building Project "E:\3_1\各课程\软件工程基础\股票交易系统\StockClient\CmdEncoder\CmdEncoder.vcxproj" (build target(s)).

Build succeeded.

Time Elapsed 00:00:01.77
