Build started 2013/4/21 14:55:52.
     1>Project "E:\3_1\各课程\软件工程基础\股票交易系统\StockClient\Client\Client.vcxproj" on node 2 (build target(s)).
     1>InitializeBuildStatus:
         Creating ".\Debug\Client.unsuccessfulbuild" because "AlwaysCreate" was specified.
       ClCompile:
         D:\Program Files (x86)\Microsoft Visual Studio 10.0\VC\bin\CL.exe /c /ZI /nologo /W3 /WX- /Od /Oy- /D WIN32 /D _DEBUG /D _WINDOWS /D _VC80_UPGRADE=0x0600 /D _MBCS /Gm /EHsc /RTC1 /MTd /GS /Gy- /fp:precise /Zc:wchar_t /Zc:forScope /Yc"stdafx.h" /Fp".\Debug\Client.pch" /Fo".\Debug\\" /Fd".\Debug\vc100.pdb" /Gd /TP /analyze- /errorReport:prompt StdAfx.cpp
         StdAfx.cpp
         _WIN32_WINNT not defined. Defaulting to _WIN32_WINNT_MAXVER (see WinSDKVer.h)
         D:\Program Files (x86)\Microsoft Visual Studio 10.0\VC\bin\CL.exe /c /ZI /nologo /W3 /WX- /Od /Oy- /D WIN32 /D _DEBUG /D _WINDOWS /D _VC80_UPGRADE=0x0600 /D _MBCS /Gm /EHsc /RTC1 /MTd /GS /Gy- /fp:precise /Zc:wchar_t /Zc:forScope /Yu"stdafx.h" /Fp".\Debug\Client.pch" /Fo".\Debug\\" /Fd".\Debug\vc100.pdb" /Gd /TP /analyze- /errorReport:prompt Client.cpp ClientDoc.cpp ClientView.cpp MainFrm.cpp
         MainFrm.cpp
         ClientView.cpp
         ClientDoc.cpp
         Client.cpp
     1>e:\3_1\各课程\软件工程基础\股票交易系统\stockclient\client\client.cpp(60): warning C4996: 'CWinApp::Enable3dControlsStatic': CWinApp::Enable3dControlsStatic is no longer needed. You should remove this call.
                 d:\program files (x86)\microsoft visual studio 10.0\vc\atlmfc\include\afxwin.h(5347) : see declaration of 'CWinApp::Enable3dControlsStatic'
         Generating Code...
       ResourceCompile:
         C:\Program Files (x86)\Microsoft SDKs\Windows\v7.0A\bin\rc.exe /D _DEBUG /D _VC80_UPGRADE=0x0600 /l"0x0804" /nologo /fo".\Debug\Client.res" Client.rc 
       ManifestResourceCompile:
         C:\Program Files (x86)\Microsoft SDKs\Windows\v7.0A\bin\rc.exe /nologo /fo".\Debug\Client.exe.embed.manifest.res" .\Debug\Client_manifest.rc 
       Link:
         D:\Program Files (x86)\Microsoft Visual Studio 10.0\VC\bin\link.exe /ERRORREPORT:PROMPT /OUT:".\Debug\Client.exe" /INCREMENTAL /NOLOGO /MANIFEST /ManifestFile:".\Debug\Client.exe.intermediate.manifest" /MANIFESTUAC:"level='asInvoker' uiAccess='false'" /DEBUG /PDB:"E:\3_1\各课程\软件工程基础\股票交易系统\StockClient\Client\Debug\Client.pdb" /SUBSYSTEM:WINDOWS /TLBID:1 /DYNAMICBASE /NXCOMPAT /IMPLIB:".\Debug\Client.lib" /MACHINE:X86 .\Debug\Client.res
         .\Debug\Client.exe.embed.manifest.res
         .\Debug\Client.obj
         .\Debug\ClientDoc.obj
         .\Debug\ClientView.obj
         .\Debug\MainFrm.obj
         .\Debug\StdAfx.obj
         LINK : program database E:\3_1\各课程\软件工程基础\股票交易系统\StockClient\Client\Debug\Client.pdb missing; performing full link
       Manifest:
         C:\Program Files (x86)\Microsoft SDKs\Windows\v7.0A\bin\mt.exe /nologo /verbose /out:".\Debug\Client.exe.embed.manifest" /manifest .\Debug\Client.exe.intermediate.manifest "D:\Program Files (x86)\Microsoft Visual Studio 10.0\VC\Include\Manifest\dpiaware.manifest"
         All outputs are up-to-date.
       LinkEmbedManifest:
         All outputs are up-to-date.
         Client.vcxproj -> E:\3_1\各课程\软件工程基础\股票交易系统\StockClient\Client\.\Debug\Client.exe
       FinalizeBuildStatus:
         Deleting file ".\Debug\Client.unsuccessfulbuild".
         Touching ".\Debug\Client.lastbuildstate".
     1>Done Building Project "E:\3_1\各课程\软件工程基础\股票交易系统\StockClient\Client\Client.vcxproj" (build target(s)).

Build succeeded.

Time Elapsed 00:00:15.60
